[lh-worker] Lighthouse worker listening on http://127.0.0.1:5002
[lh-worker] Config: {
  timeout: '90000ms',
  cache: '600000ms',
  concurrency: 3,
  chrome: 'auto-detect'
}
[lh-worker] SIGINT received, shutting down...
[lh-worker] Lighthouse worker listening on http://127.0.0.1:5002
[lh-worker] Config: {
  timeout: '90000ms',
  cache: '600000ms',
  concurrency: 3,
  chrome: 'auto-detect'
}
[lh-worker] Queue job for https://google.com (queue size: 0)
[lh-worker] Starting analysis for https://google.com
Loading ES modules...
Using Chrome path: /usr/bin/chromium
Chrome flags: 5 flags configured
Lighthouse categories: performance, seo
Chrome process 520513 killed successfully
Cleaned up temp directory: /tmp/lighthouse-1763999830191-se8jpt4t-520406
[lh-worker] Analysis complete for https://google.com
[lh-worker] SIGINT received, shutting down...
