RUM API error: TypeError: Cannot read properties of undefined (reading 'create')
    at storeRumEvent (.next/server/chunks/[root-of-the-server]__ff360ca8._.js:1:6457)
    at w (.next/server/chunks/[root-of-the-server]__ff360ca8._.js:9:880)
    at async u (.next/server/chunks/[root-of-the-server]__ff360ca8._.js:9:4320)
    at async s (.next/server/chunks/[root-of-the-server]__ff360ca8._.js:9:5352)
    at async j (.next/server/chunks/[root-of-the-server]__ff360ca8._.js:9:6485)
RUM API error: TypeError: Cannot read properties of undefined (reading 'create')
    at storeRumEvent (.next/server/chunks/[root-of-the-server]__ff360ca8._.js:1:6457)
    at w (.next/server/chunks/[root-of-the-server]__ff360ca8._.js:9:880)
    at async u (.next/server/chunks/[root-of-the-server]__ff360ca8._.js:9:4320)
    at async s (.next/server/chunks/[root-of-the-server]__ff360ca8._.js:9:5352)
    at async j (.next/server/chunks/[root-of-the-server]__ff360ca8._.js:9:6485)
RUM API error: TypeError: Cannot read properties of undefined (reading 'create')
    at storeRumEvent (.next/server/chunks/[root-of-the-server]__ff360ca8._.js:1:6457)
    at w (.next/server/chunks/[root-of-the-server]__ff360ca8._.js:9:880)
    at async u (.next/server/chunks/[root-of-the-server]__ff360ca8._.js:9:4320)
    at async s (.next/server/chunks/[root-of-the-server]__ff360ca8._.js:9:5352)
    at async j (.next/server/chunks/[root-of-the-server]__ff360ca8._.js:9:6485)
RUM API error: TypeError: Cannot read properties of undefined (reading 'create')
    at storeRumEvent (.next/server/chunks/[root-of-the-server]__ff360ca8._.js:1:6457)
    at w (.next/server/chunks/[root-of-the-server]__ff360ca8._.js:9:880)
    at async u (.next/server/chunks/[root-of-the-server]__ff360ca8._.js:9:4320)
    at async s (.next/server/chunks/[root-of-the-server]__ff360ca8._.js:9:5352)
    at async j (.next/server/chunks/[root-of-the-server]__ff360ca8._.js:9:6485)
RUM API error: TypeError: Cannot read properties of undefined (reading 'create')
    at storeRumEvent (.next/server/chunks/[root-of-the-server]__ff360ca8._.js:1:6457)
    at w (.next/server/chunks/[root-of-the-server]__ff360ca8._.js:9:880)
    at async u (.next/server/chunks/[root-of-the-server]__ff360ca8._.js:9:4320)
    at async s (.next/server/chunks/[root-of-the-server]__ff360ca8._.js:9:5352)
    at async j (.next/server/chunks/[root-of-the-server]__ff360ca8._.js:9:6485)
RUM API error: TypeError: Cannot read properties of undefined (reading 'create')
    at storeRumEvent (.next/server/chunks/[root-of-the-server]__ff360ca8._.js:1:6457)
    at w (.next/server/chunks/[root-of-the-server]__ff360ca8._.js:9:880)
    at async u (.next/server/chunks/[root-of-the-server]__ff360ca8._.js:9:4320)
    at async s (.next/server/chunks/[root-of-the-server]__ff360ca8._.js:9:5352)
    at async j (.next/server/chunks/[root-of-the-server]__ff360ca8._.js:9:6485)
 ⚠ "next start" does not work with "output: standalone" configuration. Use "node .next/standalone/server.js" instead.
 ⚠ Webpack is configured while Turbopack is not, which may cause problems.
 ⚠ See instructions if you need to configure Turbopack:
  https://nextjs.org/docs/app/api-reference/next-config-js/turbopack

IMPORTANT! Eviction policy is allkeys-lru. It should be "noeviction"
IMPORTANT! Eviction policy is allkeys-lru. It should be "noeviction"
IMPORTANT! Eviction policy is allkeys-lru. It should be "noeviction"
IMPORTANT! Eviction policy is allkeys-lru. It should be "noeviction"
RUM API error: TypeError: Cannot read properties of undefined (reading 'create')
    at storeRumEvent (.next/server/chunks/[root-of-the-server]__ff360ca8._.js:1:6457)
    at w (.next/server/chunks/[root-of-the-server]__ff360ca8._.js:9:880)
    at async u (.next/server/chunks/[root-of-the-server]__ff360ca8._.js:9:4320)
    at async s (.next/server/chunks/[root-of-the-server]__ff360ca8._.js:9:5352)
    at async j (.next/server/chunks/[root-of-the-server]__ff360ca8._.js:9:6485)
RUM API error: TypeError: Cannot read properties of undefined (reading 'create')
    at storeRumEvent (.next/server/chunks/[root-of-the-server]__ff360ca8._.js:1:6457)
    at w (.next/server/chunks/[root-of-the-server]__ff360ca8._.js:9:880)
    at async u (.next/server/chunks/[root-of-the-server]__ff360ca8._.js:9:4320)
    at async s (.next/server/chunks/[root-of-the-server]__ff360ca8._.js:9:5352)
    at async j (.next/server/chunks/[root-of-the-server]__ff360ca8._.js:9:6485)
RUM API error: TypeError: Cannot read properties of undefined (reading 'create')
    at storeRumEvent (.next/server/chunks/[root-of-the-server]__ff360ca8._.js:1:6457)
    at w (.next/server/chunks/[root-of-the-server]__ff360ca8._.js:9:880)
    at async u (.next/server/chunks/[root-of-the-server]__ff360ca8._.js:9:4320)
    at async s (.next/server/chunks/[root-of-the-server]__ff360ca8._.js:9:5352)
    at async j (.next/server/chunks/[root-of-the-server]__ff360ca8._.js:9:6485)
job-meta error Error: Stream isn't writeable and enableOfflineQueue options is false
    at E (.next/server/chunks/[root-of-the-server]__e2489f32._.js:1:7152)
RUM API error: TypeError: Cannot read properties of undefined (reading 'create')
    at storeRumEvent (.next/server/chunks/[root-of-the-server]__ff360ca8._.js:1:6457)
    at w (.next/server/chunks/[root-of-the-server]__ff360ca8._.js:9:880)
    at async u (.next/server/chunks/[root-of-the-server]__ff360ca8._.js:9:4320)
    at async s (.next/server/chunks/[root-of-the-server]__ff360ca8._.js:9:5352)
    at async j (.next/server/chunks/[root-of-the-server]__ff360ca8._.js:9:6485)
RUM API error: TypeError: Cannot read properties of undefined (reading 'create')
    at storeRumEvent (.next/server/chunks/[root-of-the-server]__ff360ca8._.js:1:6457)
    at w (.next/server/chunks/[root-of-the-server]__ff360ca8._.js:9:880)
    at async u (.next/server/chunks/[root-of-the-server]__ff360ca8._.js:9:4320)
    at async s (.next/server/chunks/[root-of-the-server]__ff360ca8._.js:9:5352)
    at async j (.next/server/chunks/[root-of-the-server]__ff360ca8._.js:9:6485)
SSE polling error: Error: Stream isn't writeable and enableOfflineQueue options is false
    at c (.next/server/chunks/[root-of-the-server]__3a606e33._.js:6:436)
    at Object.start (.next/server/chunks/[root-of-the-server]__3a606e33._.js:6:1110)
    at b (.next/server/chunks/[root-of-the-server]__3a606e33._.js:1:6988)
RUM API error: TypeError: Cannot read properties of undefined (reading 'create')
    at storeRumEvent (.next/server/chunks/[root-of-the-server]__ff360ca8._.js:1:6457)
    at w (.next/server/chunks/[root-of-the-server]__ff360ca8._.js:9:880)
    at async u (.next/server/chunks/[root-of-the-server]__ff360ca8._.js:9:4320)
    at async s (.next/server/chunks/[root-of-the-server]__ff360ca8._.js:9:5352)
    at async j (.next/server/chunks/[root-of-the-server]__ff360ca8._.js:9:6485)
RUM API error: TypeError: Cannot read properties of undefined (reading 'create')
    at storeRumEvent (.next/server/chunks/[root-of-the-server]__ff360ca8._.js:1:6457)
    at w (.next/server/chunks/[root-of-the-server]__ff360ca8._.js:9:880)
    at async u (.next/server/chunks/[root-of-the-server]__ff360ca8._.js:9:4320)
    at async s (.next/server/chunks/[root-of-the-server]__ff360ca8._.js:9:5352)
    at async j (.next/server/chunks/[root-of-the-server]__ff360ca8._.js:9:6485)
RUM API error: TypeError: Cannot read properties of undefined (reading 'create')
    at storeRumEvent (.next/server/chunks/[root-of-the-server]__ff360ca8._.js:1:6457)
    at w (.next/server/chunks/[root-of-the-server]__ff360ca8._.js:9:880)
    at async u (.next/server/chunks/[root-of-the-server]__ff360ca8._.js:9:4320)
    at async s (.next/server/chunks/[root-of-the-server]__ff360ca8._.js:9:5352)
    at async j (.next/server/chunks/[root-of-the-server]__ff360ca8._.js:9:6485)
RUM API error: TypeError: Cannot read properties of undefined (reading 'create')
    at storeRumEvent (.next/server/chunks/[root-of-the-server]__ff360ca8._.js:1:6457)
    at w (.next/server/chunks/[root-of-the-server]__ff360ca8._.js:9:880)
    at async u (.next/server/chunks/[root-of-the-server]__ff360ca8._.js:9:4320)
    at async s (.next/server/chunks/[root-of-the-server]__ff360ca8._.js:9:5352)
    at async j (.next/server/chunks/[root-of-the-server]__ff360ca8._.js:9:6485)
RUM API error: TypeError: Cannot read properties of undefined (reading 'create')
    at storeRumEvent (.next/server/chunks/[root-of-the-server]__ff360ca8._.js:1:6457)
    at w (.next/server/chunks/[root-of-the-server]__ff360ca8._.js:9:880)
    at async u (.next/server/chunks/[root-of-the-server]__ff360ca8._.js:9:4320)
    at async s (.next/server/chunks/[root-of-the-server]__ff360ca8._.js:9:5352)
    at async j (.next/server/chunks/[root-of-the-server]__ff360ca8._.js:9:6485)
RUM API error: TypeError: Cannot read properties of undefined (reading 'create')
    at storeRumEvent (.next/server/chunks/[root-of-the-server]__ff360ca8._.js:1:6457)
    at w (.next/server/chunks/[root-of-the-server]__ff360ca8._.js:9:880)
    at async u (.next/server/chunks/[root-of-the-server]__ff360ca8._.js:9:4320)
    at async s (.next/server/chunks/[root-of-the-server]__ff360ca8._.js:9:5352)
    at async j (.next/server/chunks/[root-of-the-server]__ff360ca8._.js:9:6485)
RUM API error: TypeError: Cannot read properties of undefined (reading 'create')
    at storeRumEvent (.next/server/chunks/[root-of-the-server]__ff360ca8._.js:1:6457)
    at w (.next/server/chunks/[root-of-the-server]__ff360ca8._.js:9:880)
    at async u (.next/server/chunks/[root-of-the-server]__ff360ca8._.js:9:4320)
    at async s (.next/server/chunks/[root-of-the-server]__ff360ca8._.js:9:5352)
    at async j (.next/server/chunks/[root-of-the-server]__ff360ca8._.js:9:6485)
RUM API error: TypeError: Cannot read properties of undefined (reading 'create')
    at storeRumEvent (.next/server/chunks/[root-of-the-server]__ff360ca8._.js:1:6457)
    at w (.next/server/chunks/[root-of-the-server]__ff360ca8._.js:9:880)
    at async u (.next/server/chunks/[root-of-the-server]__ff360ca8._.js:9:4320)
    at async s (.next/server/chunks/[root-of-the-server]__ff360ca8._.js:9:5352)
    at async j (.next/server/chunks/[root-of-the-server]__ff360ca8._.js:9:6485)
RUM API error: TypeError: Cannot read properties of undefined (reading 'create')
    at storeRumEvent (.next/server/chunks/[root-of-the-server]__ff360ca8._.js:1:6457)
    at w (.next/server/chunks/[root-of-the-server]__ff360ca8._.js:9:880)
    at async u (.next/server/chunks/[root-of-the-server]__ff360ca8._.js:9:4320)
    at async s (.next/server/chunks/[root-of-the-server]__ff360ca8._.js:9:5352)
    at async j (.next/server/chunks/[root-of-the-server]__ff360ca8._.js:9:6485)
RUM API error: TypeError: Cannot read properties of undefined (reading 'create')
    at storeRumEvent (.next/server/chunks/[root-of-the-server]__ff360ca8._.js:1:6457)
    at w (.next/server/chunks/[root-of-the-server]__ff360ca8._.js:9:880)
    at async u (.next/server/chunks/[root-of-the-server]__ff360ca8._.js:9:4320)
    at async s (.next/server/chunks/[root-of-the-server]__ff360ca8._.js:9:5352)
    at async j (.next/server/chunks/[root-of-the-server]__ff360ca8._.js:9:6485)
RUM API error: TypeError: Cannot read properties of undefined (reading 'create')
    at storeRumEvent (.next/server/chunks/[root-of-the-server]__ff360ca8._.js:1:6457)
    at w (.next/server/chunks/[root-of-the-server]__ff360ca8._.js:9:880)
    at async u (.next/server/chunks/[root-of-the-server]__ff360ca8._.js:9:4320)
    at async s (.next/server/chunks/[root-of-the-server]__ff360ca8._.js:9:5352)
    at async j (.next/server/chunks/[root-of-the-server]__ff360ca8._.js:9:6485)
RUM API error: TypeError: Cannot read properties of undefined (reading 'create')
    at storeRumEvent (.next/server/chunks/[root-of-the-server]__ff360ca8._.js:1:6457)
    at w (.next/server/chunks/[root-of-the-server]__ff360ca8._.js:9:880)
    at async u (.next/server/chunks/[root-of-the-server]__ff360ca8._.js:9:4320)
    at async s (.next/server/chunks/[root-of-the-server]__ff360ca8._.js:9:5352)
    at async j (.next/server/chunks/[root-of-the-server]__ff360ca8._.js:9:6485)
RUM API error: TypeError: Cannot read properties of undefined (reading 'create')
    at storeRumEvent (.next/server/chunks/[root-of-the-server]__ff360ca8._.js:1:6457)
    at w (.next/server/chunks/[root-of-the-server]__ff360ca8._.js:9:880)
    at async u (.next/server/chunks/[root-of-the-server]__ff360ca8._.js:9:4320)
    at async s (.next/server/chunks/[root-of-the-server]__ff360ca8._.js:9:5352)
    at async j (.next/server/chunks/[root-of-the-server]__ff360ca8._.js:9:6485)
RUM API error: TypeError: Cannot read properties of undefined (reading 'create')
    at storeRumEvent (.next/server/chunks/[root-of-the-server]__ff360ca8._.js:1:6457)
    at w (.next/server/chunks/[root-of-the-server]__ff360ca8._.js:9:880)
    at async u (.next/server/chunks/[root-of-the-server]__ff360ca8._.js:9:4320)
    at async s (.next/server/chunks/[root-of-the-server]__ff360ca8._.js:9:5352)
    at async j (.next/server/chunks/[root-of-the-server]__ff360ca8._.js:9:6485)
RUM API error: TypeError: Cannot read properties of undefined (reading 'create')
    at storeRumEvent (.next/server/chunks/[root-of-the-server]__ff360ca8._.js:1:6457)
    at w (.next/server/chunks/[root-of-the-server]__ff360ca8._.js:9:880)
    at async u (.next/server/chunks/[root-of-the-server]__ff360ca8._.js:9:4320)
    at async s (.next/server/chunks/[root-of-the-server]__ff360ca8._.js:9:5352)
    at async j (.next/server/chunks/[root-of-the-server]__ff360ca8._.js:9:6485)
RUM API error: TypeError: Cannot read properties of undefined (reading 'create')
    at storeRumEvent (.next/server/chunks/[root-of-the-server]__ff360ca8._.js:1:6457)
    at w (.next/server/chunks/[root-of-the-server]__ff360ca8._.js:9:880)
    at async u (.next/server/chunks/[root-of-the-server]__ff360ca8._.js:9:4320)
    at async s (.next/server/chunks/[root-of-the-server]__ff360ca8._.js:9:5352)
    at async j (.next/server/chunks/[root-of-the-server]__ff360ca8._.js:9:6485)
RUM API error: TypeError: Cannot read properties of undefined (reading 'create')
    at storeRumEvent (.next/server/chunks/[root-of-the-server]__ff360ca8._.js:1:6457)
    at w (.next/server/chunks/[root-of-the-server]__ff360ca8._.js:9:880)
    at async u (.next/server/chunks/[root-of-the-server]__ff360ca8._.js:9:4320)
    at async s (.next/server/chunks/[root-of-the-server]__ff360ca8._.js:9:5352)
    at async j (.next/server/chunks/[root-of-the-server]__ff360ca8._.js:9:6485)
RUM API error: TypeError: Cannot read properties of undefined (reading 'create')
    at storeRumEvent (.next/server/chunks/[root-of-the-server]__ff360ca8._.js:1:6457)
    at w (.next/server/chunks/[root-of-the-server]__ff360ca8._.js:9:880)
    at async u (.next/server/chunks/[root-of-the-server]__ff360ca8._.js:9:4320)
    at async s (.next/server/chunks/[root-of-the-server]__ff360ca8._.js:9:5352)
    at async j (.next/server/chunks/[root-of-the-server]__ff360ca8._.js:9:6485)
RUM API error: TypeError: Cannot read properties of undefined (reading 'create')
    at storeRumEvent (.next/server/chunks/[root-of-the-server]__ff360ca8._.js:1:6457)
    at w (.next/server/chunks/[root-of-the-server]__ff360ca8._.js:9:880)
    at async u (.next/server/chunks/[root-of-the-server]__ff360ca8._.js:9:4320)
    at async s (.next/server/chunks/[root-of-the-server]__ff360ca8._.js:9:5352)
    at async j (.next/server/chunks/[root-of-the-server]__ff360ca8._.js:9:6485)
RUM API error: TypeError: Cannot read properties of undefined (reading 'create')
    at storeRumEvent (.next/server/chunks/[root-of-the-server]__ff360ca8._.js:1:6457)
    at w (.next/server/chunks/[root-of-the-server]__ff360ca8._.js:9:880)
    at async u (.next/server/chunks/[root-of-the-server]__ff360ca8._.js:9:4320)
    at async s (.next/server/chunks/[root-of-the-server]__ff360ca8._.js:9:5352)
    at async j (.next/server/chunks/[root-of-the-server]__ff360ca8._.js:9:6485)
RUM API error: TypeError: Cannot read properties of undefined (reading 'create')
    at storeRumEvent (.next/server/chunks/[root-of-the-server]__ff360ca8._.js:1:6457)
    at w (.next/server/chunks/[root-of-the-server]__ff360ca8._.js:9:880)
    at async u (.next/server/chunks/[root-of-the-server]__ff360ca8._.js:9:4320)
    at async s (.next/server/chunks/[root-of-the-server]__ff360ca8._.js:9:5352)
    at async j (.next/server/chunks/[root-of-the-server]__ff360ca8._.js:9:6485)
RUM API error: TypeError: Cannot read properties of undefined (reading 'create')
    at storeRumEvent (.next/server/chunks/[root-of-the-server]__ff360ca8._.js:1:6457)
    at w (.next/server/chunks/[root-of-the-server]__ff360ca8._.js:9:880)
    at async u (.next/server/chunks/[root-of-the-server]__ff360ca8._.js:9:4320)
    at async s (.next/server/chunks/[root-of-the-server]__ff360ca8._.js:9:5352)
    at async j (.next/server/chunks/[root-of-the-server]__ff360ca8._.js:9:6485)
RUM API error: TypeError: Cannot read properties of undefined (reading 'create')
    at storeRumEvent (.next/server/chunks/[root-of-the-server]__ff360ca8._.js:1:6457)
    at w (.next/server/chunks/[root-of-the-server]__ff360ca8._.js:9:880)
    at async u (.next/server/chunks/[root-of-the-server]__ff360ca8._.js:9:4320)
    at async s (.next/server/chunks/[root-of-the-server]__ff360ca8._.js:9:5352)
    at async j (.next/server/chunks/[root-of-the-server]__ff360ca8._.js:9:6485)
RUM API error: TypeError: Cannot read properties of undefined (reading 'create')
    at storeRumEvent (.next/server/chunks/[root-of-the-server]__ff360ca8._.js:1:6457)
    at w (.next/server/chunks/[root-of-the-server]__ff360ca8._.js:9:880)
    at async u (.next/server/chunks/[root-of-the-server]__ff360ca8._.js:9:4320)
    at async s (.next/server/chunks/[root-of-the-server]__ff360ca8._.js:9:5352)
    at async j (.next/server/chunks/[root-of-the-server]__ff360ca8._.js:9:6485)
RUM API error: TypeError: Cannot read properties of undefined (reading 'create')
    at storeRumEvent (.next/server/chunks/[root-of-the-server]__ff360ca8._.js:1:6457)
    at w (.next/server/chunks/[root-of-the-server]__ff360ca8._.js:9:880)
    at async u (.next/server/chunks/[root-of-the-server]__ff360ca8._.js:9:4320)
    at async s (.next/server/chunks/[root-of-the-server]__ff360ca8._.js:9:5352)
    at async j (.next/server/chunks/[root-of-the-server]__ff360ca8._.js:9:6485)
RUM API error: TypeError: Cannot read properties of undefined (reading 'create')
    at storeRumEvent (.next/server/chunks/[root-of-the-server]__ff360ca8._.js:1:6457)
    at w (.next/server/chunks/[root-of-the-server]__ff360ca8._.js:9:880)
    at async u (.next/server/chunks/[root-of-the-server]__ff360ca8._.js:9:4320)
    at async s (.next/server/chunks/[root-of-the-server]__ff360ca8._.js:9:5352)
    at async j (.next/server/chunks/[root-of-the-server]__ff360ca8._.js:9:6485)
RUM API error: TypeError: Cannot read properties of undefined (reading 'create')
    at storeRumEvent (.next/server/chunks/[root-of-the-server]__ff360ca8._.js:1:6457)
    at w (.next/server/chunks/[root-of-the-server]__ff360ca8._.js:9:880)
    at async u (.next/server/chunks/[root-of-the-server]__ff360ca8._.js:9:4320)
    at async s (.next/server/chunks/[root-of-the-server]__ff360ca8._.js:9:5352)
    at async j (.next/server/chunks/[root-of-the-server]__ff360ca8._.js:9:6485)
RUM API error: TypeError: Cannot read properties of undefined (reading 'create')
    at storeRumEvent (.next/server/chunks/[root-of-the-server]__ff360ca8._.js:1:6457)
    at w (.next/server/chunks/[root-of-the-server]__ff360ca8._.js:9:880)
    at async u (.next/server/chunks/[root-of-the-server]__ff360ca8._.js:9:4320)
    at async s (.next/server/chunks/[root-of-the-server]__ff360ca8._.js:9:5352)
    at async j (.next/server/chunks/[root-of-the-server]__ff360ca8._.js:9:6485)
RUM API error: TypeError: Cannot read properties of undefined (reading 'create')
    at storeRumEvent (.next/server/chunks/[root-of-the-server]__ff360ca8._.js:1:6457)
    at w (.next/server/chunks/[root-of-the-server]__ff360ca8._.js:9:880)
    at async u (.next/server/chunks/[root-of-the-server]__ff360ca8._.js:9:4320)
    at async s (.next/server/chunks/[root-of-the-server]__ff360ca8._.js:9:5352)
    at async j (.next/server/chunks/[root-of-the-server]__ff360ca8._.js:9:6485)
RUM API error: TypeError: Cannot read properties of undefined (reading 'create')
    at storeRumEvent (.next/server/chunks/[root-of-the-server]__ff360ca8._.js:1:6457)
    at w (.next/server/chunks/[root-of-the-server]__ff360ca8._.js:9:880)
    at async u (.next/server/chunks/[root-of-the-server]__ff360ca8._.js:9:4320)
    at async s (.next/server/chunks/[root-of-the-server]__ff360ca8._.js:9:5352)
    at async j (.next/server/chunks/[root-of-the-server]__ff360ca8._.js:9:6485)
RUM API error: TypeError: Cannot read properties of undefined (reading 'create')
    at storeRumEvent (.next/server/chunks/[root-of-the-server]__ff360ca8._.js:1:6457)
    at w (.next/server/chunks/[root-of-the-server]__ff360ca8._.js:9:880)
    at async u (.next/server/chunks/[root-of-the-server]__ff360ca8._.js:9:4320)
    at async s (.next/server/chunks/[root-of-the-server]__ff360ca8._.js:9:5352)
    at async j (.next/server/chunks/[root-of-the-server]__ff360ca8._.js:9:6485)
RUM API error: TypeError: Cannot read properties of undefined (reading 'create')
    at storeRumEvent (.next/server/chunks/[root-of-the-server]__ff360ca8._.js:1:6457)
    at w (.next/server/chunks/[root-of-the-server]__ff360ca8._.js:9:880)
    at async u (.next/server/chunks/[root-of-the-server]__ff360ca8._.js:9:4320)
    at async s (.next/server/chunks/[root-of-the-server]__ff360ca8._.js:9:5352)
    at async j (.next/server/chunks/[root-of-the-server]__ff360ca8._.js:9:6485)
RUM API error: TypeError: Cannot read properties of undefined (reading 'create')
    at storeRumEvent (.next/server/chunks/[root-of-the-server]__ff360ca8._.js:1:6457)
    at w (.next/server/chunks/[root-of-the-server]__ff360ca8._.js:9:880)
    at async u (.next/server/chunks/[root-of-the-server]__ff360ca8._.js:9:4320)
    at async s (.next/server/chunks/[root-of-the-server]__ff360ca8._.js:9:5352)
    at async j (.next/server/chunks/[root-of-the-server]__ff360ca8._.js:9:6485)
RUM API error: TypeError: Cannot read properties of undefined (reading 'create')
    at storeRumEvent (.next/server/chunks/[root-of-the-server]__ff360ca8._.js:1:6457)
    at w (.next/server/chunks/[root-of-the-server]__ff360ca8._.js:9:880)
    at async u (.next/server/chunks/[root-of-the-server]__ff360ca8._.js:9:4320)
    at async s (.next/server/chunks/[root-of-the-server]__ff360ca8._.js:9:5352)
    at async j (.next/server/chunks/[root-of-the-server]__ff360ca8._.js:9:6485)
RUM API error: TypeError: Cannot read properties of undefined (reading 'create')
    at storeRumEvent (.next/server/chunks/[root-of-the-server]__ff360ca8._.js:1:6457)
    at w (.next/server/chunks/[root-of-the-server]__ff360ca8._.js:9:880)
    at async u (.next/server/chunks/[root-of-the-server]__ff360ca8._.js:9:4320)
    at async s (.next/server/chunks/[root-of-the-server]__ff360ca8._.js:9:5352)
    at async j (.next/server/chunks/[root-of-the-server]__ff360ca8._.js:9:6485)
RUM API error: TypeError: Cannot read properties of undefined (reading 'create')
    at storeRumEvent (.next/server/chunks/[root-of-the-server]__ff360ca8._.js:1:6457)
    at w (.next/server/chunks/[root-of-the-server]__ff360ca8._.js:9:880)
    at async u (.next/server/chunks/[root-of-the-server]__ff360ca8._.js:9:4320)
    at async s (.next/server/chunks/[root-of-the-server]__ff360ca8._.js:9:5352)
    at async j (.next/server/chunks/[root-of-the-server]__ff360ca8._.js:9:6485)
RUM API error: TypeError: Cannot read properties of undefined (reading 'create')
    at storeRumEvent (.next/server/chunks/[root-of-the-server]__ff360ca8._.js:1:6457)
    at w (.next/server/chunks/[root-of-the-server]__ff360ca8._.js:9:880)
    at async u (.next/server/chunks/[root-of-the-server]__ff360ca8._.js:9:4320)
    at async s (.next/server/chunks/[root-of-the-server]__ff360ca8._.js:9:5352)
    at async j (.next/server/chunks/[root-of-the-server]__ff360ca8._.js:9:6485)
RUM API error: TypeError: Cannot read properties of undefined (reading 'create')
    at storeRumEvent (.next/server/chunks/[root-of-the-server]__ff360ca8._.js:1:6457)
    at w (.next/server/chunks/[root-of-the-server]__ff360ca8._.js:9:880)
    at async u (.next/server/chunks/[root-of-the-server]__ff360ca8._.js:9:4320)
    at async s (.next/server/chunks/[root-of-the-server]__ff360ca8._.js:9:5352)
    at async j (.next/server/chunks/[root-of-the-server]__ff360ca8._.js:9:6485)
RUM API error: TypeError: Cannot read properties of undefined (reading 'create')
    at storeRumEvent (.next/server/chunks/[root-of-the-server]__ff360ca8._.js:1:6457)
    at w (.next/server/chunks/[root-of-the-server]__ff360ca8._.js:9:880)
    at async u (.next/server/chunks/[root-of-the-server]__ff360ca8._.js:9:4320)
    at async s (.next/server/chunks/[root-of-the-server]__ff360ca8._.js:9:5352)
    at async j (.next/server/chunks/[root-of-the-server]__ff360ca8._.js:9:6485)
RUM API error: TypeError: Cannot read properties of undefined (reading 'create')
    at storeRumEvent (.next/server/chunks/[root-of-the-server]__ff360ca8._.js:1:6457)
    at w (.next/server/chunks/[root-of-the-server]__ff360ca8._.js:9:880)
    at async u (.next/server/chunks/[root-of-the-server]__ff360ca8._.js:9:4320)
    at async s (.next/server/chunks/[root-of-the-server]__ff360ca8._.js:9:5352)
    at async j (.next/server/chunks/[root-of-the-server]__ff360ca8._.js:9:6485)
RUM API error: TypeError: Cannot read properties of undefined (reading 'create')
    at storeRumEvent (.next/server/chunks/[root-of-the-server]__ff360ca8._.js:1:6457)
    at w (.next/server/chunks/[root-of-the-server]__ff360ca8._.js:9:880)
    at async u (.next/server/chunks/[root-of-the-server]__ff360ca8._.js:9:4320)
    at async s (.next/server/chunks/[root-of-the-server]__ff360ca8._.js:9:5352)
    at async j (.next/server/chunks/[root-of-the-server]__ff360ca8._.js:9:6485)
RUM API error: TypeError: Cannot read properties of undefined (reading 'create')
    at storeRumEvent (.next/server/chunks/[root-of-the-server]__ff360ca8._.js:1:6457)
    at w (.next/server/chunks/[root-of-the-server]__ff360ca8._.js:9:880)
    at async u (.next/server/chunks/[root-of-the-server]__ff360ca8._.js:9:4320)
    at async s (.next/server/chunks/[root-of-the-server]__ff360ca8._.js:9:5352)
    at async j (.next/server/chunks/[root-of-the-server]__ff360ca8._.js:9:6485)
RUM API error: TypeError: Cannot read properties of undefined (reading 'create')
    at storeRumEvent (.next/server/chunks/[root-of-the-server]__ff360ca8._.js:1:6457)
    at w (.next/server/chunks/[root-of-the-server]__ff360ca8._.js:9:880)
    at async u (.next/server/chunks/[root-of-the-server]__ff360ca8._.js:9:4320)
    at async s (.next/server/chunks/[root-of-the-server]__ff360ca8._.js:9:5352)
    at async j (.next/server/chunks/[root-of-the-server]__ff360ca8._.js:9:6485)
RUM API error: TypeError: Cannot read properties of undefined (reading 'create')
    at storeRumEvent (.next/server/chunks/[root-of-the-server]__ff360ca8._.js:1:6457)
    at w (.next/server/chunks/[root-of-the-server]__ff360ca8._.js:9:880)
    at async u (.next/server/chunks/[root-of-the-server]__ff360ca8._.js:9:4320)
    at async s (.next/server/chunks/[root-of-the-server]__ff360ca8._.js:9:5352)
    at async j (.next/server/chunks/[root-of-the-server]__ff360ca8._.js:9:6485)
RUM API error: TypeError: Cannot read properties of undefined (reading 'create')
    at storeRumEvent (.next/server/chunks/[root-of-the-server]__ff360ca8._.js:1:6457)
    at w (.next/server/chunks/[root-of-the-server]__ff360ca8._.js:9:880)
    at async u (.next/server/chunks/[root-of-the-server]__ff360ca8._.js:9:4320)
    at async s (.next/server/chunks/[root-of-the-server]__ff360ca8._.js:9:5352)
    at async j (.next/server/chunks/[root-of-the-server]__ff360ca8._.js:9:6485)
RUM API error: TypeError: Cannot read properties of undefined (reading 'create')
    at storeRumEvent (.next/server/chunks/[root-of-the-server]__ff360ca8._.js:1:6457)
    at w (.next/server/chunks/[root-of-the-server]__ff360ca8._.js:9:880)
    at async u (.next/server/chunks/[root-of-the-server]__ff360ca8._.js:9:4320)
    at async s (.next/server/chunks/[root-of-the-server]__ff360ca8._.js:9:5352)
    at async j (.next/server/chunks/[root-of-the-server]__ff360ca8._.js:9:6485)
RUM API error: TypeError: Cannot read properties of undefined (reading 'create')
    at storeRumEvent (.next/server/chunks/[root-of-the-server]__ff360ca8._.js:1:6457)
    at w (.next/server/chunks/[root-of-the-server]__ff360ca8._.js:9:880)
    at async u (.next/server/chunks/[root-of-the-server]__ff360ca8._.js:9:4320)
    at async s (.next/server/chunks/[root-of-the-server]__ff360ca8._.js:9:5352)
    at async j (.next/server/chunks/[root-of-the-server]__ff360ca8._.js:9:6485)
RUM API error: TypeError: Cannot read properties of undefined (reading 'create')
    at storeRumEvent (.next/server/chunks/[root-of-the-server]__ff360ca8._.js:1:6457)
    at w (.next/server/chunks/[root-of-the-server]__ff360ca8._.js:9:880)
    at async u (.next/server/chunks/[root-of-the-server]__ff360ca8._.js:9:4320)
    at async s (.next/server/chunks/[root-of-the-server]__ff360ca8._.js:9:5352)
    at async j (.next/server/chunks/[root-of-the-server]__ff360ca8._.js:9:6485)
RUM API error: TypeError: Cannot read properties of undefined (reading 'create')
    at storeRumEvent (.next/server/chunks/[root-of-the-server]__ff360ca8._.js:1:6457)
    at w (.next/server/chunks/[root-of-the-server]__ff360ca8._.js:9:880)
    at async u (.next/server/chunks/[root-of-the-server]__ff360ca8._.js:9:4320)
    at async s (.next/server/chunks/[root-of-the-server]__ff360ca8._.js:9:5352)
    at async j (.next/server/chunks/[root-of-the-server]__ff360ca8._.js:9:6485)
RUM API error: TypeError: Cannot read properties of undefined (reading 'create')
    at storeRumEvent (.next/server/chunks/[root-of-the-server]__ff360ca8._.js:1:6457)
    at w (.next/server/chunks/[root-of-the-server]__ff360ca8._.js:9:880)
    at async u (.next/server/chunks/[root-of-the-server]__ff360ca8._.js:9:4320)
    at async s (.next/server/chunks/[root-of-the-server]__ff360ca8._.js:9:5352)
    at async j (.next/server/chunks/[root-of-the-server]__ff360ca8._.js:9:6485)
RUM API error: TypeError: Cannot read properties of undefined (reading 'create')
    at storeRumEvent (.next/server/chunks/[root-of-the-server]__ff360ca8._.js:1:6457)
    at w (.next/server/chunks/[root-of-the-server]__ff360ca8._.js:9:880)
    at async u (.next/server/chunks/[root-of-the-server]__ff360ca8._.js:9:4320)
    at async s (.next/server/chunks/[root-of-the-server]__ff360ca8._.js:9:5352)
    at async j (.next/server/chunks/[root-of-the-server]__ff360ca8._.js:9:6485)
RUM API error: TypeError: Cannot read properties of undefined (reading 'create')
    at storeRumEvent (.next/server/chunks/[root-of-the-server]__ff360ca8._.js:1:6457)
    at w (.next/server/chunks/[root-of-the-server]__ff360ca8._.js:9:880)
    at async u (.next/server/chunks/[root-of-the-server]__ff360ca8._.js:9:4320)
    at async s (.next/server/chunks/[root-of-the-server]__ff360ca8._.js:9:5352)
    at async j (.next/server/chunks/[root-of-the-server]__ff360ca8._.js:9:6485)
RUM API error: TypeError: Cannot read properties of undefined (reading 'create')
    at storeRumEvent (.next/server/chunks/[root-of-the-server]__ff360ca8._.js:1:6457)
    at w (.next/server/chunks/[root-of-the-server]__ff360ca8._.js:9:880)
    at async u (.next/server/chunks/[root-of-the-server]__ff360ca8._.js:9:4320)
    at async s (.next/server/chunks/[root-of-the-server]__ff360ca8._.js:9:5352)
    at async j (.next/server/chunks/[root-of-the-server]__ff360ca8._.js:9:6485)
RUM API error: TypeError: Cannot read properties of undefined (reading 'create')
    at storeRumEvent (.next/server/chunks/[root-of-the-server]__ff360ca8._.js:1:6457)
    at w (.next/server/chunks/[root-of-the-server]__ff360ca8._.js:9:880)
    at async u (.next/server/chunks/[root-of-the-server]__ff360ca8._.js:9:4320)
    at async s (.next/server/chunks/[root-of-the-server]__ff360ca8._.js:9:5352)
    at async j (.next/server/chunks/[root-of-the-server]__ff360ca8._.js:9:6485)
RUM API error: TypeError: Cannot read properties of undefined (reading 'create')
    at storeRumEvent (.next/server/chunks/[root-of-the-server]__ff360ca8._.js:1:6457)
    at w (.next/server/chunks/[root-of-the-server]__ff360ca8._.js:9:880)
    at async u (.next/server/chunks/[root-of-the-server]__ff360ca8._.js:9:4320)
    at async s (.next/server/chunks/[root-of-the-server]__ff360ca8._.js:9:5352)
    at async j (.next/server/chunks/[root-of-the-server]__ff360ca8._.js:9:6485)
RUM API error: TypeError: Cannot read properties of undefined (reading 'create')
    at storeRumEvent (.next/server/chunks/[root-of-the-server]__ff360ca8._.js:1:6457)
    at w (.next/server/chunks/[root-of-the-server]__ff360ca8._.js:9:880)
    at async u (.next/server/chunks/[root-of-the-server]__ff360ca8._.js:9:4320)
    at async s (.next/server/chunks/[root-of-the-server]__ff360ca8._.js:9:5352)
    at async j (.next/server/chunks/[root-of-the-server]__ff360ca8._.js:9:6485)
RUM API error: TypeError: Cannot read properties of undefined (reading 'create')
    at storeRumEvent (.next/server/chunks/[root-of-the-server]__ff360ca8._.js:1:6457)
    at w (.next/server/chunks/[root-of-the-server]__ff360ca8._.js:9:880)
    at async u (.next/server/chunks/[root-of-the-server]__ff360ca8._.js:9:4320)
    at async s (.next/server/chunks/[root-of-the-server]__ff360ca8._.js:9:5352)
    at async j (.next/server/chunks/[root-of-the-server]__ff360ca8._.js:9:6485)
RUM API error: TypeError: Cannot read properties of undefined (reading 'create')
    at storeRumEvent (.next/server/chunks/[root-of-the-server]__ff360ca8._.js:1:6457)
    at w (.next/server/chunks/[root-of-the-server]__ff360ca8._.js:9:880)
    at async u (.next/server/chunks/[root-of-the-server]__ff360ca8._.js:9:4320)
    at async s (.next/server/chunks/[root-of-the-server]__ff360ca8._.js:9:5352)
    at async j (.next/server/chunks/[root-of-the-server]__ff360ca8._.js:9:6485)
RUM API error: TypeError: Cannot read properties of undefined (reading 'create')
    at storeRumEvent (.next/server/chunks/[root-of-the-server]__ff360ca8._.js:1:6457)
    at w (.next/server/chunks/[root-of-the-server]__ff360ca8._.js:9:880)
    at async u (.next/server/chunks/[root-of-the-server]__ff360ca8._.js:9:4320)
    at async s (.next/server/chunks/[root-of-the-server]__ff360ca8._.js:9:5352)
    at async j (.next/server/chunks/[root-of-the-server]__ff360ca8._.js:9:6485)
RUM API error: TypeError: Cannot read properties of undefined (reading 'create')
    at storeRumEvent (.next/server/chunks/[root-of-the-server]__ff360ca8._.js:1:6457)
    at w (.next/server/chunks/[root-of-the-server]__ff360ca8._.js:9:880)
    at async u (.next/server/chunks/[root-of-the-server]__ff360ca8._.js:9:4320)
    at async s (.next/server/chunks/[root-of-the-server]__ff360ca8._.js:9:5352)
    at async j (.next/server/chunks/[root-of-the-server]__ff360ca8._.js:9:6485)
RUM API error: TypeError: Cannot read properties of undefined (reading 'create')
    at storeRumEvent (.next/server/chunks/[root-of-the-server]__ff360ca8._.js:1:6457)
    at w (.next/server/chunks/[root-of-the-server]__ff360ca8._.js:9:880)
    at async u (.next/server/chunks/[root-of-the-server]__ff360ca8._.js:9:4320)
    at async s (.next/server/chunks/[root-of-the-server]__ff360ca8._.js:9:5352)
    at async j (.next/server/chunks/[root-of-the-server]__ff360ca8._.js:9:6485)
RUM API error: TypeError: Cannot read properties of undefined (reading 'create')
    at storeRumEvent (.next/server/chunks/[root-of-the-server]__ff360ca8._.js:1:6457)
    at w (.next/server/chunks/[root-of-the-server]__ff360ca8._.js:9:880)
    at async u (.next/server/chunks/[root-of-the-server]__ff360ca8._.js:9:4320)
    at async s (.next/server/chunks/[root-of-the-server]__ff360ca8._.js:9:5352)
    at async j (.next/server/chunks/[root-of-the-server]__ff360ca8._.js:9:6485)
RUM API error: TypeError: Cannot read properties of undefined (reading 'create')
    at storeRumEvent (.next/server/chunks/[root-of-the-server]__ff360ca8._.js:1:6457)
    at w (.next/server/chunks/[root-of-the-server]__ff360ca8._.js:9:880)
    at async u (.next/server/chunks/[root-of-the-server]__ff360ca8._.js:9:4320)
    at async s (.next/server/chunks/[root-of-the-server]__ff360ca8._.js:9:5352)
    at async j (.next/server/chunks/[root-of-the-server]__ff360ca8._.js:9:6485)
RUM API error: TypeError: Cannot read properties of undefined (reading 'create')
    at storeRumEvent (.next/server/chunks/[root-of-the-server]__ff360ca8._.js:1:6457)
    at w (.next/server/chunks/[root-of-the-server]__ff360ca8._.js:9:880)
    at async u (.next/server/chunks/[root-of-the-server]__ff360ca8._.js:9:4320)
    at async s (.next/server/chunks/[root-of-the-server]__ff360ca8._.js:9:5352)
    at async j (.next/server/chunks/[root-of-the-server]__ff360ca8._.js:9:6485)
RUM API error: TypeError: Cannot read properties of undefined (reading 'create')
    at storeRumEvent (.next/server/chunks/[root-of-the-server]__ff360ca8._.js:1:6457)
    at w (.next/server/chunks/[root-of-the-server]__ff360ca8._.js:9:880)
    at async u (.next/server/chunks/[root-of-the-server]__ff360ca8._.js:9:4320)
    at async s (.next/server/chunks/[root-of-the-server]__ff360ca8._.js:9:5352)
    at async j (.next/server/chunks/[root-of-the-server]__ff360ca8._.js:9:6485)
RUM API error: TypeError: Cannot read properties of undefined (reading 'create')
    at storeRumEvent (.next/server/chunks/[root-of-the-server]__ff360ca8._.js:1:6457)
    at w (.next/server/chunks/[root-of-the-server]__ff360ca8._.js:9:880)
    at async u (.next/server/chunks/[root-of-the-server]__ff360ca8._.js:9:4320)
    at async s (.next/server/chunks/[root-of-the-server]__ff360ca8._.js:9:5352)
    at async j (.next/server/chunks/[root-of-the-server]__ff360ca8._.js:9:6485)
RUM API error: TypeError: Cannot read properties of undefined (reading 'create')
    at storeRumEvent (.next/server/chunks/[root-of-the-server]__ff360ca8._.js:1:6457)
    at w (.next/server/chunks/[root-of-the-server]__ff360ca8._.js:9:880)
    at async u (.next/server/chunks/[root-of-the-server]__ff360ca8._.js:9:4320)
    at async s (.next/server/chunks/[root-of-the-server]__ff360ca8._.js:9:5352)
    at async j (.next/server/chunks/[root-of-the-server]__ff360ca8._.js:9:6485)
RUM API error: TypeError: Cannot read properties of undefined (reading 'create')
    at storeRumEvent (.next/server/chunks/[root-of-the-server]__ff360ca8._.js:1:6457)
    at w (.next/server/chunks/[root-of-the-server]__ff360ca8._.js:9:880)
    at async u (.next/server/chunks/[root-of-the-server]__ff360ca8._.js:9:4320)
    at async s (.next/server/chunks/[root-of-the-server]__ff360ca8._.js:9:5352)
    at async j (.next/server/chunks/[root-of-the-server]__ff360ca8._.js:9:6485)
RUM API error: TypeError: Cannot read properties of undefined (reading 'create')
    at storeRumEvent (.next/server/chunks/[root-of-the-server]__ff360ca8._.js:1:6457)
    at w (.next/server/chunks/[root-of-the-server]__ff360ca8._.js:9:880)
    at async u (.next/server/chunks/[root-of-the-server]__ff360ca8._.js:9:4320)
    at async s (.next/server/chunks/[root-of-the-server]__ff360ca8._.js:9:5352)
    at async j (.next/server/chunks/[root-of-the-server]__ff360ca8._.js:9:6485)
RUM API error: TypeError: Cannot read properties of undefined (reading 'create')
    at storeRumEvent (.next/server/chunks/[root-of-the-server]__ff360ca8._.js:1:6457)
    at w (.next/server/chunks/[root-of-the-server]__ff360ca8._.js:9:880)
    at async u (.next/server/chunks/[root-of-the-server]__ff360ca8._.js:9:4320)
    at async s (.next/server/chunks/[root-of-the-server]__ff360ca8._.js:9:5352)
    at async j (.next/server/chunks/[root-of-the-server]__ff360ca8._.js:9:6485)
RUM API error: TypeError: Cannot read properties of undefined (reading 'create')
    at storeRumEvent (.next/server/chunks/[root-of-the-server]__ff360ca8._.js:1:6457)
    at w (.next/server/chunks/[root-of-the-server]__ff360ca8._.js:9:880)
    at async u (.next/server/chunks/[root-of-the-server]__ff360ca8._.js:9:4320)
    at async s (.next/server/chunks/[root-of-the-server]__ff360ca8._.js:9:5352)
    at async j (.next/server/chunks/[root-of-the-server]__ff360ca8._.js:9:6485)
RUM API error: TypeError: Cannot read properties of undefined (reading 'create')
    at storeRumEvent (.next/server/chunks/[root-of-the-server]__ff360ca8._.js:1:6457)
    at w (.next/server/chunks/[root-of-the-server]__ff360ca8._.js:9:880)
    at async u (.next/server/chunks/[root-of-the-server]__ff360ca8._.js:9:4320)
    at async s (.next/server/chunks/[root-of-the-server]__ff360ca8._.js:9:5352)
    at async j (.next/server/chunks/[root-of-the-server]__ff360ca8._.js:9:6485)
RUM API error: TypeError: Cannot read properties of undefined (reading 'create')
    at storeRumEvent (.next/server/chunks/[root-of-the-server]__ff360ca8._.js:1:6457)
    at w (.next/server/chunks/[root-of-the-server]__ff360ca8._.js:9:880)
    at async u (.next/server/chunks/[root-of-the-server]__ff360ca8._.js:9:4320)
    at async s (.next/server/chunks/[root-of-the-server]__ff360ca8._.js:9:5352)
    at async j (.next/server/chunks/[root-of-the-server]__ff360ca8._.js:9:6485)
RUM API error: TypeError: Cannot read properties of undefined (reading 'create')
    at storeRumEvent (.next/server/chunks/[root-of-the-server]__ff360ca8._.js:1:6457)
    at w (.next/server/chunks/[root-of-the-server]__ff360ca8._.js:9:880)
    at async u (.next/server/chunks/[root-of-the-server]__ff360ca8._.js:9:4320)
    at async s (.next/server/chunks/[root-of-the-server]__ff360ca8._.js:9:5352)
    at async j (.next/server/chunks/[root-of-the-server]__ff360ca8._.js:9:6485)
RUM API error: TypeError: Cannot read properties of undefined (reading 'create')
    at storeRumEvent (.next/server/chunks/[root-of-the-server]__ff360ca8._.js:1:6457)
    at w (.next/server/chunks/[root-of-the-server]__ff360ca8._.js:9:880)
    at async u (.next/server/chunks/[root-of-the-server]__ff360ca8._.js:9:4320)
    at async s (.next/server/chunks/[root-of-the-server]__ff360ca8._.js:9:5352)
    at async j (.next/server/chunks/[root-of-the-server]__ff360ca8._.js:9:6485)
RUM API error: TypeError: Cannot read properties of undefined (reading 'create')
    at storeRumEvent (.next/server/chunks/[root-of-the-server]__ff360ca8._.js:1:6457)
    at w (.next/server/chunks/[root-of-the-server]__ff360ca8._.js:9:880)
    at async u (.next/server/chunks/[root-of-the-server]__ff360ca8._.js:9:4320)
    at async s (.next/server/chunks/[root-of-the-server]__ff360ca8._.js:9:5352)
    at async j (.next/server/chunks/[root-of-the-server]__ff360ca8._.js:9:6485)
RUM API error: TypeError: Cannot read properties of undefined (reading 'create')
    at storeRumEvent (.next/server/chunks/[root-of-the-server]__ff360ca8._.js:1:6457)
    at w (.next/server/chunks/[root-of-the-server]__ff360ca8._.js:9:880)
    at async u (.next/server/chunks/[root-of-the-server]__ff360ca8._.js:9:4320)
    at async s (.next/server/chunks/[root-of-the-server]__ff360ca8._.js:9:5352)
    at async j (.next/server/chunks/[root-of-the-server]__ff360ca8._.js:9:6485)
RUM API error: TypeError: Cannot read properties of undefined (reading 'create')
    at storeRumEvent (.next/server/chunks/[root-of-the-server]__ff360ca8._.js:1:6457)
    at w (.next/server/chunks/[root-of-the-server]__ff360ca8._.js:9:880)
    at async u (.next/server/chunks/[root-of-the-server]__ff360ca8._.js:9:4320)
    at async s (.next/server/chunks/[root-of-the-server]__ff360ca8._.js:9:5352)
    at async j (.next/server/chunks/[root-of-the-server]__ff360ca8._.js:9:6485)
RUM API error: TypeError: Cannot read properties of undefined (reading 'create')
    at storeRumEvent (.next/server/chunks/[root-of-the-server]__ff360ca8._.js:1:6457)
    at w (.next/server/chunks/[root-of-the-server]__ff360ca8._.js:9:880)
    at async u (.next/server/chunks/[root-of-the-server]__ff360ca8._.js:9:4320)
    at async s (.next/server/chunks/[root-of-the-server]__ff360ca8._.js:9:5352)
    at async j (.next/server/chunks/[root-of-the-server]__ff360ca8._.js:9:6485)
