IMPORTANT! Eviction policy is allkeys-lru. It should be "noeviction"
IMPORTANT! Eviction policy is allkeys-lru. It should be "noeviction"
IMPORTANT! Eviction policy is allkeys-lru. It should be "noeviction"
IMPORTANT! Eviction policy is allkeys-lru. It should be "noeviction"
IMPORTANT! Eviction policy is allkeys-lru. It should be "noeviction"
IMPORTANT! Eviction policy is allkeys-lru. It should be "noeviction"
IMPORTANT! Eviction policy is allkeys-lru. It should be "noeviction"
IMPORTANT! Eviction policy is allkeys-lru. It should be "noeviction"
IMPORTANT! Eviction policy is allkeys-lru. It should be "noeviction"
IMPORTANT! Eviction policy is allkeys-lru. It should be "noeviction"
IMPORTANT! Eviction policy is allkeys-lru. It should be "noeviction"
IMPORTANT! Eviction policy is allkeys-lru. It should be "noeviction"
IMPORTANT! Eviction policy is allkeys-lru. It should be "noeviction"
IMPORTANT! Eviction policy is allkeys-lru. It should be "noeviction"
IMPORTANT! Eviction policy is allkeys-lru. It should be "noeviction"
IMPORTANT! Eviction policy is allkeys-lru. It should be "noeviction"
IMPORTANT! Eviction policy is allkeys-lru. It should be "noeviction"
IMPORTANT! Eviction policy is allkeys-lru. It should be "noeviction"
IMPORTANT! Eviction policy is allkeys-lru. It should be "noeviction"
IMPORTANT! Eviction policy is allkeys-lru. It should be "noeviction"
IMPORTANT! Eviction policy is allkeys-lru. It should be "noeviction"
IMPORTANT! Eviction policy is allkeys-lru. It should be "noeviction"
IMPORTANT! Eviction policy is allkeys-lru. It should be "noeviction"
IMPORTANT! Eviction policy is allkeys-lru. It should be "noeviction"
Security analysis failed: response is not defined
🤖 AI Analysis job 25 failed: Error: Job 909 timed out after 120000ms
    at waitForJob (/home/reda/seo-analyzer-nextjs/lib/queue-workers.js:2189:9)
    at async Worker.connection.host [as processFn] (/home/reda/seo-analyzer-nextjs/lib/queue-workers.js:2089:26)
    at async /home/reda/seo-analyzer-nextjs/node_modules/bullmq/dist/cjs/classes/worker.js:498:32
    at async Worker.retryIfFailed (/home/reda/seo-analyzer-nextjs/node_modules/bullmq/dist/cjs/classes/worker.js:776:24)
Security analysis failed: response is not defined
IMPORTANT! Eviction policy is allkeys-lru. It should be "noeviction"
IMPORTANT! Eviction policy is allkeys-lru. It should be "noeviction"
IMPORTANT! Eviction policy is allkeys-lru. It should be "noeviction"
IMPORTANT! Eviction policy is allkeys-lru. It should be "noeviction"
IMPORTANT! Eviction policy is allkeys-lru. It should be "noeviction"
IMPORTANT! Eviction policy is allkeys-lru. It should be "noeviction"
IMPORTANT! Eviction policy is allkeys-lru. It should be "noeviction"
IMPORTANT! Eviction policy is allkeys-lru. It should be "noeviction"
IMPORTANT! Eviction policy is allkeys-lru. It should be "noeviction"
IMPORTANT! Eviction policy is allkeys-lru. It should be "noeviction"
IMPORTANT! Eviction policy is allkeys-lru. It should be "noeviction"
IMPORTANT! Eviction policy is allkeys-lru. It should be "noeviction"
Security analysis failed: response is not defined
IMPORTANT! Eviction policy is allkeys-lru. It should be "noeviction"
IMPORTANT! Eviction policy is allkeys-lru. It should be "noeviction"
IMPORTANT! Eviction policy is allkeys-lru. It should be "noeviction"
IMPORTANT! Eviction policy is allkeys-lru. It should be "noeviction"
IMPORTANT! Eviction policy is allkeys-lru. It should be "noeviction"
IMPORTANT! Eviction policy is allkeys-lru. It should be "noeviction"
IMPORTANT! Eviction policy is allkeys-lru. It should be "noeviction"
IMPORTANT! Eviction policy is allkeys-lru. It should be "noeviction"
IMPORTANT! Eviction policy is allkeys-lru. It should be "noeviction"
IMPORTANT! Eviction policy is allkeys-lru. It should be "noeviction"
IMPORTANT! Eviction policy is allkeys-lru. It should be "noeviction"
IMPORTANT! Eviction policy is allkeys-lru. It should be "noeviction"
Security analysis failed: response is not defined
🤖 AI Analysis job 28 failed: PrismaClientValidationError: 
Invalid `prisma.analysis.findUnique()` invocation:

{
  where: {
    id: "cmggnxknn0000r2sh1390o9qd"
  },
  select: {
    id: true,
    type: true,
    status: true,
    summary: true,
    results: true,
    ~~~~~~~
    createdAt: true,
    updatedAt: true,
?   targetUrl?: true,
?   schemaVersion?: true,
?   artifacts?: true,
?   shares?: true,
?   _count?: true
  }
}

Unknown field `results` for select statement on model `Analysis`. Available options are marked with ?.
    at _n (/home/reda/seo-analyzer-nextjs/node_modules/@prisma/client/runtime/library.js:29:1363)
    at ei.handleRequestError (/home/reda/seo-analyzer-nextjs/node_modules/@prisma/client/runtime/library.js:121:6926)
    at ei.handleAndLogRequestError (/home/reda/seo-analyzer-nextjs/node_modules/@prisma/client/runtime/library.js:121:6608)
    at ei.request (/home/reda/seo-analyzer-nextjs/node_modules/@prisma/client/runtime/library.js:121:6315)
    at async a (/home/reda/seo-analyzer-nextjs/node_modules/@prisma/client/runtime/library.js:130:9551)
    at async Worker.connection.host [as processFn] (/home/reda/seo-analyzer-nextjs/lib/queue-workers.js:2025:29)
    at async /home/reda/seo-analyzer-nextjs/node_modules/bullmq/dist/cjs/classes/worker.js:498:32
    at async Worker.retryIfFailed (/home/reda/seo-analyzer-nextjs/node_modules/bullmq/dist/cjs/classes/worker.js:776:24) {
  clientVersion: '6.15.0'
}
