IMPORTANT! Eviction policy is allkeys-lru. It should be "noeviction"
IMPORTANT! Eviction policy is allkeys-lru. It should be "noeviction"
IMPORTANT! Eviction policy is allkeys-lru. It should be "noeviction"
IMPORTANT! Eviction policy is allkeys-lru. It should be "noeviction"
IMPORTANT! Eviction policy is allkeys-lru. It should be "noeviction"
IMPORTANT! Eviction policy is allkeys-lru. It should be "noeviction"
IMPORTANT! Eviction policy is allkeys-lru. It should be "noeviction"
IMPORTANT! Eviction policy is allkeys-lru. It should be "noeviction"
IMPORTANT! Eviction policy is allkeys-lru. It should be "noeviction"
IMPORTANT! Eviction policy is allkeys-lru. It should be "noeviction"
IMPORTANT! Eviction policy is allkeys-lru. It should be "noeviction"
IMPORTANT! Eviction policy is allkeys-lru. It should be "noeviction"
IMPORTANT! Eviction policy is allkeys-lru. It should be "noeviction"
IMPORTANT! Eviction policy is allkeys-lru. It should be "noeviction"
IMPORTANT! Eviction policy is allkeys-lru. It should be "noeviction"
IMPORTANT! Eviction policy is allkeys-lru. It should be "noeviction"
IMPORTANT! Eviction policy is allkeys-lru. It should be "noeviction"
IMPORTANT! Eviction policy is allkeys-lru. It should be "noeviction"
IMPORTANT! Eviction policy is allkeys-lru. It should be "noeviction"
IMPORTANT! Eviction policy is allkeys-lru. It should be "noeviction"
IMPORTANT! Eviction policy is allkeys-lru. It should be "noeviction"
IMPORTANT! Eviction policy is allkeys-lru. It should be "noeviction"
IMPORTANT! Eviction policy is allkeys-lru. It should be "noeviction"
IMPORTANT! Eviction policy is allkeys-lru. It should be "noeviction"
💥 [queue-workers-0] RSS 3075MB > 1100MB, exiting for restart
IMPORTANT! Eviction policy is allkeys-lru. It should be "noeviction"
IMPORTANT! Eviction policy is allkeys-lru. It should be "noeviction"
IMPORTANT! Eviction policy is allkeys-lru. It should be "noeviction"
IMPORTANT! Eviction policy is allkeys-lru. It should be "noeviction"
IMPORTANT! Eviction policy is allkeys-lru. It should be "noeviction"
IMPORTANT! Eviction policy is allkeys-lru. It should be "noeviction"
IMPORTANT! Eviction policy is allkeys-lru. It should be "noeviction"
IMPORTANT! Eviction policy is allkeys-lru. It should be "noeviction"
IMPORTANT! Eviction policy is allkeys-lru. It should be "noeviction"
IMPORTANT! Eviction policy is allkeys-lru. It should be "noeviction"
IMPORTANT! Eviction policy is allkeys-lru. It should be "noeviction"
IMPORTANT! Eviction policy is allkeys-lru. It should be "noeviction"
💥 [queue-workers-0] RSS 1122MB > 1100MB, exiting for restart
IMPORTANT! Eviction policy is allkeys-lru. It should be "noeviction"
IMPORTANT! Eviction policy is allkeys-lru. It should be "noeviction"
IMPORTANT! Eviction policy is allkeys-lru. It should be "noeviction"
IMPORTANT! Eviction policy is allkeys-lru. It should be "noeviction"
IMPORTANT! Eviction policy is allkeys-lru. It should be "noeviction"
IMPORTANT! Eviction policy is allkeys-lru. It should be "noeviction"
IMPORTANT! Eviction policy is allkeys-lru. It should be "noeviction"
IMPORTANT! Eviction policy is allkeys-lru. It should be "noeviction"
IMPORTANT! Eviction policy is allkeys-lru. It should be "noeviction"
IMPORTANT! Eviction policy is allkeys-lru. It should be "noeviction"
IMPORTANT! Eviction policy is allkeys-lru. It should be "noeviction"
IMPORTANT! Eviction policy is allkeys-lru. It should be "noeviction"
💥 [queue-workers-0] RSS 2852MB > 1100MB, exiting for restart
IMPORTANT! Eviction policy is allkeys-lru. It should be "noeviction"
IMPORTANT! Eviction policy is allkeys-lru. It should be "noeviction"
IMPORTANT! Eviction policy is allkeys-lru. It should be "noeviction"
IMPORTANT! Eviction policy is allkeys-lru. It should be "noeviction"
IMPORTANT! Eviction policy is allkeys-lru. It should be "noeviction"
IMPORTANT! Eviction policy is allkeys-lru. It should be "noeviction"
IMPORTANT! Eviction policy is allkeys-lru. It should be "noeviction"
IMPORTANT! Eviction policy is allkeys-lru. It should be "noeviction"
IMPORTANT! Eviction policy is allkeys-lru. It should be "noeviction"
IMPORTANT! Eviction policy is allkeys-lru. It should be "noeviction"
IMPORTANT! Eviction policy is allkeys-lru. It should be "noeviction"
IMPORTANT! Eviction policy is allkeys-lru. It should be "noeviction"
SEO job 5404 failed: AxiosError: Request failed with status code 429
    at settle (/opt/seo-analyzer-nextjs/node_modules/axios/dist/node/axios.cjs:2090:12)
    at IncomingMessage.handleStreamEnd (/opt/seo-analyzer-nextjs/node_modules/axios/dist/node/axios.cjs:3207:11)
    at IncomingMessage.emit (node:events:536:35)
    at endReadableNT (node:internal/streams/readable:1698:12)
    at process.processTicksAndRejections (node:internal/process/task_queues:82:21)
    at Axios.request (/opt/seo-analyzer-nextjs/node_modules/axios/dist/node/axios.cjs:4317:41)
    at process.processTicksAndRejections (node:internal/process/task_queues:95:5)
    at async Worker.connection.host [as processFn] (/opt/seo-analyzer-nextjs/lib/queue-workers.js:884:18)
    at async /opt/seo-analyzer-nextjs/node_modules/bullmq/dist/cjs/classes/worker.js:498:32
    at async Worker.retryIfFailed (/opt/seo-analyzer-nextjs/node_modules/bullmq/dist/cjs/classes/worker.js:776:24) {
  code: 'ERR_BAD_REQUEST',
  config: {
    transitional: {
      silentJSONParsing: true,
      forcedJSONParsing: true,
      clarifyTimeoutError: false
    },
    adapter: [ 'xhr', 'http', 'fetch' ],
    transformRequest: [ [Function: transformRequest] ],
    transformResponse: [ [Function: transformResponse] ],
    timeout: 15000,
    xsrfCookieName: 'XSRF-TOKEN',
    xsrfHeaderName: 'X-XSRF-TOKEN',
    maxContentLength: -1,
    maxBodyLength: -1,
    env: { FormData: [Function [FormData]], Blob: [class Blob] },
    validateStatus: [Function: validateStatus],
    headers: Object [AxiosHeaders] {
      Accept: 'text/html,application/xhtml+xml,application/xml;q=0.9,image/webp,*/*;q=0.8',
      'Content-Type': undefined,
      'User-Agent': 'Mozilla/5.0 (compatible; SEO-Analyzer/1.0; +https://seoanalyze.se)',
      'Accept-Language': 'sv-SE,sv;q=0.9,en-US;q=0.8,en;q=0.7',
      'Accept-Encoding': 'gzip, compress, deflate, br'
    },
    maxRedirects: 5,
    method: 'get',
    url: 'https://argusmetrics.se/',
    allowAbsoluteUrls: true,
    data: undefined
  },
  request: <ref *1> ClientRequest {
    _events: [Object: null prototype] {
      abort: [Function (anonymous)],
      aborted: [Function (anonymous)],
      connect: [Function (anonymous)],
      error: [Function (anonymous)],
      socket: [Function (anonymous)],
      timeout: [Function (anonymous)],
      finish: [Function: requestOnFinish]
    },
    _eventsCount: 7,
    _maxListeners: undefined,
    outputData: [],
    outputSize: 0,
    writable: true,
    destroyed: true,
    _last: true,
    chunkedEncoding: false,
    shouldKeepAlive: true,
    maxRequestsOnConnectionReached: false,
    _defaultKeepAlive: true,
    useChunkedEncodingByDefault: false,
    sendDate: false,
    _removedConnection: false,
    _removedContLen: false,
    _removedTE: false,
    strictContentLength: false,
    _contentLength: 0,
    _hasBody: true,
    _trailer: '',
    finished: true,
    _headerSent: true,
    _closed: true,
    socket: TLSSocket {
      _tlsOptions: [Object],
      _secureEstablished: true,
      _securePending: false,
      _newSessionPending: false,
      _controlReleased: true,
      secureConnecting: false,
      _SNICallback: null,
      servername: 'argusmetrics.se',
      alpnProtocol: false,
      authorized: true,
      authorizationError: null,
      encrypted: true,
      _events: [Object: null prototype],
      _eventsCount: 9,
      connecting: false,
      _hadError: false,
      _parent: null,
      _host: 'argusmetrics.se',
      _closeAfterHandlingError: false,
      _readableState: [ReadableState],
      _writableState: [WritableState],
      allowHalfOpen: false,
      _maxListeners: undefined,
      _sockname: null,
      _pendingData: null,
      _pendingEncoding: '',
      server: undefined,
      _server: null,
      ssl: [TLSWrap],
      _requestCert: true,
      _rejectUnauthorized: true,
      timeout: 5000,
      parser: null,
      _httpMessage: null,
      [Symbol(alpncallback)]: null,
      [Symbol(res)]: [TLSWrap],
      [Symbol(verified)]: true,
      [Symbol(pendingSession)]: null,
      [Symbol(async_id_symbol)]: -1,
      [Symbol(kHandle)]: [TLSWrap],
      [Symbol(lastWriteQueueSize)]: 0,
      [Symbol(timeout)]: Timeout {
        _idleTimeout: 5000,
        _idlePrev: [TimersList],
        _idleNext: [Timeout],
        _idleStart: 93235,
        _onTimeout: [Function: bound ],
        _timerArgs: undefined,
        _repeat: null,
        _destroyed: false,
        [Symbol(refed)]: false,
        [Symbol(kHasPrimitive)]: false,
        [Symbol(asyncId)]: 819,
        [Symbol(triggerId)]: 817
      },
      [Symbol(kBuffer)]: null,
      [Symbol(kBufferCb)]: null,
      [Symbol(kBufferGen)]: null,
      [Symbol(shapeMode)]: true,
      [Symbol(kCapture)]: false,
      [Symbol(kSetNoDelay)]: false,
      [Symbol(kSetKeepAlive)]: true,
      [Symbol(kSetKeepAliveInitialDelay)]: 1,
      [Symbol(kBytesRead)]: 0,
      [Symbol(kBytesWritten)]: 0,
      [Symbol(connect-options)]: [Object]
    },
    _header: 'GET / HTTP/1.1\r\n' +
      'Accept: text/html,application/xhtml+xml,application/xml;q=0.9,image/webp,*/*;q=0.8\r\n' +
      'User-Agent: Mozilla/5.0 (compatible; SEO-Analyzer/1.0; +https://seoanalyze.se)\r\n' +
      'Accept-Language: sv-SE,sv;q=0.9,en-US;q=0.8,en;q=0.7\r\n' +
      'Accept-Encoding: gzip, compress, deflate, br\r\n' +
      'Host: argusmetrics.se\r\n' +
      'Connection: keep-alive\r\n' +
      '\r\n',
    _keepAliveTimeout: 0,
    _onPendingData: [Function: nop],
    agent: Agent {
      _events: [Object: null prototype],
      _eventsCount: 2,
      _maxListeners: undefined,
      defaultPort: 443,
      protocol: 'https:',
      options: [Object: null prototype],
      requests: [Object: null prototype] {},
      sockets: [Object: null prototype],
      freeSockets: [Object: null prototype],
      keepAliveMsecs: 1000,
      keepAlive: true,
      maxSockets: Infinity,
      maxFreeSockets: 256,
      scheduling: 'lifo',
      maxTotalSockets: Infinity,
      totalSocketCount: 2,
      maxCachedSessions: 100,
      _sessionCache: [Object],
      [Symbol(shapeMode)]: false,
      [Symbol(kCapture)]: false
    },
    socketPath: undefined,
    method: 'GET',
    maxHeaderSize: undefined,
    insecureHTTPParser: undefined,
    joinDuplicateHeaders: undefined,
    path: '/',
    _ended: true,
    res: IncomingMessage {
      _events: [Object],
      _readableState: [ReadableState],
      _maxListeners: undefined,
      socket: null,
      httpVersionMajor: 1,
      httpVersionMinor: 1,
      httpVersion: '1.1',
      complete: true,
      rawHeaders: [Array],
      rawTrailers: [],
      joinDuplicateHeaders: undefined,
      aborted: false,
      upgrade: false,
      url: '',
      method: null,
      statusCode: 429,
      statusMessage: 'Too Many Requests',
      client: [TLSSocket],
      _consuming: false,
      _dumped: false,
      req: [Circular *1],
      _eventsCount: 4,
      responseUrl: 'https://argusmetrics.se/',
      redirects: [],
      [Symbol(shapeMode)]: true,
      [Symbol(kCapture)]: false,
      [Symbol(kHeaders)]: [Object],
      [Symbol(kHeadersCount)]: 26,
      [Symbol(kTrailers)]: null,
      [Symbol(kTrailersCount)]: 0
    },
    aborted: false,
    timeoutCb: null,
    upgradeOrConnect: false,
    parser: null,
    maxHeadersCount: null,
    reusedSocket: false,
    host: 'argusmetrics.se',
    protocol: 'https:',
    _redirectable: Writable {
      _events: [Object],
      _writableState: [WritableState],
      _maxListeners: undefined,
      _options: [Object],
      _ended: true,
      _ending: true,
      _redirectCount: 0,
      _redirects: [],
      _requestBodyLength: 0,
      _requestBodyBuffers: [],
      _eventsCount: 3,
      _onNativeResponse: [Function (anonymous)],
      _currentRequest: [Circular *1],
      _currentUrl: 'https://argusmetrics.se/',
      _timeout: null,
      [Symbol(shapeMode)]: true,
      [Symbol(kCapture)]: false
    },
    [Symbol(shapeMode)]: false,
    [Symbol(kCapture)]: false,
    [Symbol(kBytesWritten)]: 0,
    [Symbol(kNeedDrain)]: false,
    [Symbol(corked)]: 0,
    [Symbol(kOutHeaders)]: [Object: null prototype] {
      accept: [Array],
      'user-agent': [Array],
      'accept-language': [Array],
      'accept-encoding': [Array],
      host: [Array]
    },
    [Symbol(errored)]: null,
    [Symbol(kHighWaterMark)]: 16384,
    [Symbol(kRejectNonStandardBodyWrites)]: false,
    [Symbol(kUniqueHeaders)]: null
  },
  response: {
    status: 429,
    statusText: 'Too Many Requests',
    headers: Object [AxiosHeaders] {
      server: 'nginx/1.24.0 (Ubuntu)',
      date: 'Fri, 31 Oct 2025 23:19:22 GMT',
      'content-type': 'text/html',
      'content-length': '178',
      connection: 'keep-alive',
      'x-frame-options': 'SAMEORIGIN',
      'x-content-type-options': 'nosniff',
      'x-xss-protection': '1; mode=block',
      'referrer-policy': 'strict-origin-when-cross-origin',
      'access-control-allow-origin': '*',
      'access-control-allow-methods': 'GET, POST, PUT, DELETE, OPTIONS',
      'access-control-allow-headers': 'Accept, Authorization, Content-Type, X-Requested-With',
      'access-control-max-age': '3600'
    },
    config: {
      transitional: [Object],
      adapter: [Array],
      transformRequest: [Array],
      transformResponse: [Array],
      timeout: 15000,
      xsrfCookieName: 'XSRF-TOKEN',
      xsrfHeaderName: 'X-XSRF-TOKEN',
      maxContentLength: -1,
      maxBodyLength: -1,
      env: [Object],
      validateStatus: [Function: validateStatus],
      headers: [Object [AxiosHeaders]],
      maxRedirects: 5,
      method: 'get',
      url: 'https://argusmetrics.se/',
      allowAbsoluteUrls: true,
      data: undefined
    },
    request: <ref *1> ClientRequest {
      _events: [Object: null prototype],
      _eventsCount: 7,
      _maxListeners: undefined,
      outputData: [],
      outputSize: 0,
      writable: true,
      destroyed: true,
      _last: true,
      chunkedEncoding: false,
      shouldKeepAlive: true,
      maxRequestsOnConnectionReached: false,
      _defaultKeepAlive: true,
      useChunkedEncodingByDefault: false,
      sendDate: false,
      _removedConnection: false,
      _removedContLen: false,
      _removedTE: false,
      strictContentLength: false,
      _contentLength: 0,
      _hasBody: true,
      _trailer: '',
      finished: true,
      _headerSent: true,
      _closed: true,
      socket: [TLSSocket],
      _header: 'GET / HTTP/1.1\r\n' +
        'Accept: text/html,application/xhtml+xml,application/xml;q=0.9,image/webp,*/*;q=0.8\r\n' +
        'User-Agent: Mozilla/5.0 (compatible; SEO-Analyzer/1.0; +https://seoanalyze.se)\r\n' +
        'Accept-Language: sv-SE,sv;q=0.9,en-US;q=0.8,en;q=0.7\r\n' +
        'Accept-Encoding: gzip, compress, deflate, br\r\n' +
        'Host: argusmetrics.se\r\n' +
        'Connection: keep-alive\r\n' +
        '\r\n',
      _keepAliveTimeout: 0,
      _onPendingData: [Function: nop],
      agent: [Agent],
      socketPath: undefined,
      method: 'GET',
      maxHeaderSize: undefined,
      insecureHTTPParser: undefined,
      joinDuplicateHeaders: undefined,
      path: '/',
      _ended: true,
      res: [IncomingMessage],
      aborted: false,
      timeoutCb: null,
      upgradeOrConnect: false,
      parser: null,
      maxHeadersCount: null,
      reusedSocket: false,
      host: 'argusmetrics.se',
      protocol: 'https:',
      _redirectable: [Writable],
      [Symbol(shapeMode)]: false,
      [Symbol(kCapture)]: false,
      [Symbol(kBytesWritten)]: 0,
      [Symbol(kNeedDrain)]: false,
      [Symbol(corked)]: 0,
      [Symbol(kOutHeaders)]: [Object: null prototype],
      [Symbol(errored)]: null,
      [Symbol(kHighWaterMark)]: 16384,
      [Symbol(kRejectNonStandardBodyWrites)]: false,
      [Symbol(kUniqueHeaders)]: null
    },
    data: '<html>\r\n' +
      '<head><title>429 Too Many Requests</title></head>\r\n' +
      '<body>\r\n' +
      '<center><h1>429 Too Many Requests</h1></center>\r\n' +
      '<hr><center>nginx/1.24.0 (Ubuntu)</center>\r\n' +
      '</body>\r\n' +
      '</html>\r\n'
  },
  status: 429
}
🤖 AI Analysis job 108 failed: Error: Job 5404 failed: Request failed with status code 429
    at waitForJob (/opt/seo-analyzer-nextjs/lib/queue-workers.js:2231:13)
    at process.processTicksAndRejections (node:internal/process/task_queues:95:5)
    at async Worker.connection.host [as processFn] (/opt/seo-analyzer-nextjs/lib/queue-workers.js:2023:27)
    at async /opt/seo-analyzer-nextjs/node_modules/bullmq/dist/cjs/classes/worker.js:498:32
    at async Worker.retryIfFailed (/opt/seo-analyzer-nextjs/node_modules/bullmq/dist/cjs/classes/worker.js:776:24)
Browser timeout - forcing close
