IMPORTANT! Eviction policy is allkeys-lru. It should be "noeviction"
IMPORTANT! Eviction policy is allkeys-lru. It should be "noeviction"
IMPORTANT! Eviction policy is allkeys-lru. It should be "noeviction"
IMPORTANT! Eviction policy is allkeys-lru. It should be "noeviction"
IMPORTANT! Eviction policy is allkeys-lru. It should be "noeviction"
IMPORTANT! Eviction policy is allkeys-lru. It should be "noeviction"
IMPORTANT! Eviction policy is allkeys-lru. It should be "noeviction"
IMPORTANT! Eviction policy is allkeys-lru. It should be "noeviction"
IMPORTANT! Eviction policy is allkeys-lru. It should be "noeviction"
IMPORTANT! Eviction policy is allkeys-lru. It should be "noeviction"
IMPORTANT! Eviction policy is allkeys-lru. It should be "noeviction"
IMPORTANT! Eviction policy is allkeys-lru. It should be "noeviction"
Error crawling https://mink-buersten.com/agb/: Request failed with status code 503
Error crawling https://mink-buersten.com/info/: Request failed with status code 503
Error crawling https://mink-buersten.com/entwicklung/: Request failed with status code 503
Error crawling https://mink-buersten.com/streifenbuersten/: Request failed with status code 503
Error crawling https://mink-buersten.com/entwicklung/mink-entwicklungs-und-anwendungszentrum/: Request failed with status code 503
Error crawling https://mink-buersten.com/kundenumfrage/: Request failed with status code 503
Error crawling https://mink-buersten.com/entwicklung/entwicklung-und-innovation/: Request failed with status code 503
Error crawling https://mink-buersten.com/impressum/: Request failed with status code 503
Error crawling https://mink-buersten.com/info/infomaterialien/: Request failed with status code 503
Error crawling https://mink-buersten.com/datenschutz/: Request failed with status code 503
Error crawling https://mink-buersten.com/ueber-uns/: Request failed with status code 503
Error crawling https://mink-buersten.com/jobs/: Request failed with status code 503
Error crawling https://mink-buersten.com/kontakt/: Request failed with status code 503
Error crawling https://mink-buersten.com/info/videogalerie/: Request failed with status code 503
Error crawling https://mink-buersten.com/kundenbereich/login/: Request failed with status code 503
Error crawling https://mink-buersten.com/jobs/abschluss-und-technikerarbeiten/abschluss-und-technikerarbeiten/: Request failed with status code 503
Error crawling https://mink-buersten.com/jobs/vertrieb/anwendungsberater-im-technischen-innendienst/: Request failed with status code 503
Error crawling https://mink-buersten.com/jobs/vertrieb/sachbearbeiter-kaufmaennischer-vertriebsinnendienst-in-und-ausland-m-w-d/: Request failed with status code 503
Error crawling https://mink-buersten.com/jobs/produktion/teamleiter-zerspanung-m-w-d/: Request failed with status code 503
Error crawling https://mink-buersten.com/jobs/produktion/verfahrensmechaniker-fuer-kunststoff-und-kautschuktechnik/: Request failed with status code 503
Error crawling https://mink-buersten.com/jobs/vertrieb/anwendungsberater-im-innendienst-m-w-d/: Request failed with status code 503
Error crawling https://mink-buersten.com/jobs/praktika-und-ferienjobs/praktika-und-ferienjobs/: Request failed with status code 503
Error crawling https://mink-buersten.com/jobs/verwaltung/fachinformatiker-fuer-systemintegration-m-w-d/: Request failed with status code 503
Error crawling https://mink-buersten.com/jobs/produktion/maschinenbediener/: Request failed with status code 503
Error crawling https://mink-buersten.com/jobs/produktion/einsteller-beborstungsanlagen/: Request failed with status code 503
Error crawling https://mink-buersten.com/jobs/ausbildung-studium/industriekaufmann/: Request failed with status code 503
Error crawling https://mink-buersten.com/jobs/ausbildung-studium/dh-studium-wirtschaftsingenieurwesen/: Request failed with status code 503
Error crawling https://mink-buersten.com/produkte/: Request failed with status code 503
Error crawling https://mink-buersten.com/jobs/ausbildung-studium/industriemechaniker/: Request failed with status code 503
Error crawling https://mink-buersten.com/produkte/plattenbuersten/care-system/: Request failed with status code 503
Error crawling https://mink-buersten.com/produkte/plattenbuersten/sonderplattenbuersten/: Request failed with status code 503
Error crawling https://mink-buersten.com/produkte/riemenbuersten-baenderbuersten/flachriemen-buersten/: Request failed with status code 503
Error crawling https://mink-buersten.com/produkte/riemenbuersten-baenderbuersten/cross-cleaning-system/: Request failed with status code 503
Error crawling https://mink-buersten.com/produkte/riemenbuersten-baenderbuersten/keilriemen-buersten/: Request failed with status code 503
Error crawling https://mink-buersten.com/produkte/riemenbuersten-baenderbuersten/mbs-system/: Request failed with status code 503
Error crawling https://mink-buersten.com/produkte/riemenbuersten-baenderbuersten/zahnriemen-buersten/: Request failed with status code 503
Error crawling https://mink-buersten.com/produkte/fixierbuersten/u-system/: Request failed with status code 503
Error crawling https://mink-buersten.com/produkte/fixierbuersten/prisma-system/: Request failed with status code 503
Error crawling https://mink-buersten.com/produkte/fixierbuersten/guard-system/: Request failed with status code 503
Error crawling https://mink-buersten.com/produkte/tellerbuersten/tbs-system/: Request failed with status code 503
Error crawling https://mink-buersten.com/produkte/tellerbuersten/sonder-tellerbuersten/: Request failed with status code 503
Error crawling https://mink-buersten.com/produkte/tellerbuersten/td-system/: Request failed with status code 503
Error crawling https://mink-buersten.com/produkte/rundebuersten/rundbuersten/: Request failed with status code 503
Error crawling https://mink-buersten.com/produkte/rundebuersten/mini-rollenbahn/: Request failed with status code 503
Error crawling https://mink-buersten.com/produkte/rundebuersten/zick-zack-system/: Request failed with status code 503
Error crawling https://mink-buersten.com/produkte/rundebuersten/easy-move-system/: Request failed with status code 503
Error crawling https://mink-buersten.com/produkte/rundebuersten/anpresswalzen/: Request failed with status code 503
Error crawling https://mink-buersten.com/produkte/rundebuersten/walzenbuersten/: Request failed with status code 503
Error crawling https://mink-buersten.com/produkte/rundebuersten/hp-system/: Request failed with status code 503
Error crawling https://mink-buersten.com/produkte/rundebuersten/ad-system/: Request failed with status code 503
Error crawling https://mink-buersten.com/produkte/rundebuersten/rsb-system/: Request failed with status code 503
Error crawling https://mink-buersten.com/produkte/rundebuersten/rundbuersten_hohe_drehmomente/: Request failed with status code 503
Error crawling https://mink-buersten.com/produkte/rundebuersten/: Request failed with status code 503
Error crawling https://mink-buersten.com/produkte/riemenbuersten-baenderbuersten/: Request failed with status code 503
Error crawling https://mink-buersten.com/produkte/tellerbuersten/: Request failed with status code 503
Error crawling https://mink-buersten.com/produkte/plattenbuersten/: Request failed with status code 503
Error crawling https://mink-buersten.com/produkte/fixierbuersten/: Request failed with status code 503
Error crawling https://mink-buersten.com/produkte/designbuersten/: Request failed with status code 503
Error crawling https://mink-buersten.com/produkte/zubehoer-werkzeug/: Request failed with status code 503
Error crawling https://mink-buersten.com/produkte/sonderloesungen/: Request failed with status code 503
Error crawling https://mink-buersten.com/produkte/antistatik-buersten/: Request failed with status code 503
Error crawling https://mink-buersten.com/produkte/riemenbuersten-baenderbuersten/kett-system/: Request failed with status code 503
Error crawling https://mink-buersten.com/produkte/3d-demo/: Request failed with status code 503
Error crawling https://mink-buersten.com/produkte/plattenbuersten/slide-brush/: Request failed with status code 503
Error crawling https://mink-buersten.com/produkte/schmierbuersten/: Request failed with status code 503
Error crawling https://mink-buersten.com/produkte/leistenbuersten/: Request failed with status code 503
Error crawling https://mink-buersten.com/produkte/leistenbuersten/flex-system/: Request failed with status code 503
Error crawling https://mink-buersten.com/produkte/leistenbuersten/standard-leistenbuersten/: Request failed with status code 503
Error crawling https://mink-buersten.com/produkte/leistenbuersten/flex-system-dl/: Request failed with status code 503
Error crawling https://mink-buersten.com/produkte/leistenbuersten/bubble-brush/: Request failed with status code 503
Error crawling https://mink-buersten.com/produkte/leistenbuersten/c-schienen-system/: Request failed with status code 503
Error crawling https://mink-buersten.com/produkte/leistenbuersten/buerstenschott/: Request failed with status code 503
Error crawling https://mink-buersten.com/produkte/leistenbuersten/sonder-leistenbuersten/: Request failed with status code 503
Error crawling https://mink-buersten.com/produkte/leistenbuersten/rack-brush/: Request failed with status code 503
Error crawling https://mink-buersten.com/produkte/breitstreckwalzen/: Request failed with status code 503
Error crawling https://mink-buersten.com/produkte/fixierbuersten/trw-system/: Request failed with status code 503
Error crawling https://mink-buersten.com/branchen/: Request failed with status code 503
Error crawling https://mink-buersten.com/branchen/design/: Request failed with status code 503
Error crawling https://mink-buersten.com/branchen/getraenketechnik/: Request failed with status code 503
Error crawling https://mink-buersten.com/branchen/converting/: Request failed with status code 503
Error crawling https://mink-buersten.com/branchen/handwerkzeuge/: Request failed with status code 503
Error crawling https://mink-buersten.com/branchen/pharmazie/: Request failed with status code 503
Error crawling https://mink-buersten.com/branchen/landwirtschaft-forstwirtschaft/: Request failed with status code 503
Error crawling https://mink-buersten.com/branchen/zugtechnik-schienentechnik/: Request failed with status code 503
Error crawling https://mink-buersten.com/branchen/schaltschrankbau/: Request failed with status code 503
Error crawling https://mink-buersten.com/branchen/windkraft/: Request failed with status code 503
Error crawling https://mink-buersten.com/branchen/automotive/: Request failed with status code 503
Error crawling https://mink-buersten.com/branchen/lebensmittel/: Request failed with status code 503
Error crawling https://mink-buersten.com/branchen/werkzeugmaschinen/: Request failed with status code 503
Error crawling https://mink-buersten.com/branchen/verpackung/: Request failed with status code 503
Error crawling https://mink-buersten.com/branchen/tore-tueren/: Request failed with status code 503
Error crawling https://mink-buersten.com/branchen/solar/: Request failed with status code 503
Error crawling https://mink-buersten.com/es/: Request failed with status code 503
Error crawling https://mink-buersten.com/kundenbereich/warenkorb/: Request failed with status code 503
Error crawling https://mink-buersten.com/en/: Request failed with status code 503
